Arguments: 
  C:\Program Files\nodejs\node.exe C:\Users\Owner\AppData\Roaming\npm\node_modules\yarn\bin\yarn.js

PATH: 
  C:\Program Files\Common Files\Oracle\Java\javapath;C:\Users\Owner\AppData\Local\Programs\Python\Python39\Scripts\;C:\Users\Owner\AppData\Local\Programs\Python\Python39\;C:\Python38;C:\Program Files (x86)\Common Files\Oracle\Java\javapath;C:\ProgramData\Oracle\Java\javapath;C:\Windows\system32;C:\Windows;C:\Windows\System32\Wbem;C:\Windows\System32\WindowsPowerShell\v1.0\;C:\Program Files (x86)\NVIDIA Corporation\PhysX\Common;C:\WINDOWS\system32;C:\WINDOWS;C:\WINDOWS\System32\Wbem;C:\WINDOWS\System32\WindowsPowerShell\v1.0\;C:\WINDOWS\System32\OpenSSH\;c:\Program Files\Java\jdk1.8.0\bin;C:\BrowserDrivers\bin;C:\Program Files\Git\cmd;C:\Program Files\nodejs\;C:\ProgramData\chocolatey\bin;C:\Program Files\PuTTY\;C:\Users\Owner\AppData\Local\Programs\Python\Launcher\;C:\Users\Owner\AppData\Local\Microsoft\WindowsApps;c:\Program Files\Java\jdk1.8.0\bin;C:\Program Files\JetBrains\PyCharm Community Edition 2020.2.2\bin;;C:\Users\Owner\AppData\Roaming\npm;C:\Users\Owner\AppData\Local\Programs\Microsoft VS Code\bin;C:\Program Files\JetBrains\IntelliJ IDEA Community Edition 2021.1\bin;;C:\Program Files\heroku\bin;C:\Users\Owner\AppData\Local\GitHubDesktop\bin

Yarn version: 
  1.22.10

Node version: 
  14.16.0

Platform: 
  win32 x64

Trace: 
  Error: https://registry.yarnpkg.com/rxjs/-/rxjs-6.6.7.tgz: ESOCKETTIMEDOUT
      at ClientRequest.<anonymous> (C:\Users\Owner\AppData\Roaming\npm\node_modules\yarn\lib\cli.js:141289:19)
      at Object.onceWrapper (events.js:421:28)
      at ClientRequest.emit (events.js:315:20)
      at TLSSocket.emitRequestTimeout (_http_client.js:784:9)
      at Object.onceWrapper (events.js:421:28)
      at TLSSocket.emit (events.js:327:22)
      at TLSSocket.Socket._onTimeout (net.js:483:8)
      at listOnTimeout (internal/timers.js:554:17)
      at processTimers (internal/timers.js:497:7)

npm manifest: 
  {
    "name": "mern3",
    "version": "1.0.0",
    "description": "",
    "main": "server.js",
    "scripts": {
      "client-install": "npm install --prefix client",
      "start": "node server.js",
      "server": "nodemon server.js",
      "client": "npm start --prefix client",
      "dev": "concurrently \"npm run server\" \"npm run client\"",
      "heroku-postbuild": "cd client && npm install && npm run build"
    },
    "author": "",
    "license": "ISC",
    "dependencies": {
      "@monaco-editor/react": "^4.2.0",
      "ace-builds": "^1.4.12",
      "axios": "^0.21.1",
      "bcryptjs": "^2.4.3",
      "body-parser": "^1.19.0",
      "bootstrap": "^4.6.0",
      "bootstrap-select": "^1.13.18",
      "concurrently": "^6.1.0",
      "dotenv": "^10.0.0",
      "emailjs-com": "^3.1.0",
      "express": "^4.17.1",
      "heroku": "^7.56.1",
      "http": "0.0.1-security",
      "is-empty": "^1.2.0",
      "jsonwebtoken": "^8.5.1",
      "mongoose": "^5.12.10",
      "passport": "^0.4.1",
      "passport-jwt": "^4.0.0",
      "portfinder": "^1.0.28",
      "react-ace": "^9.4.1",
      "react-bootstrap": "^1.6.1",
      "react-countup": "^4.3.3",
      "react-panelgroup": "^1.0.12",
      "react-resizable": "^3.0.4",
      "react-resize-panel": "^0.3.5",
      "react-scripts": "^4.0.3",
      "react-spinners": "^0.11.0",
      "react-split-pane": "^0.1.92",
      "react-stopwatch": "^2.0.4",
      "socket.io": "^4.1.2",
      "socket.io-client": "^4.1.2",
      "unirest": "^0.6.0",
      "validator": "^13.6.0",
      "websocket": "^1.0.34"
    },
    "engines": {
      "node": "14.x",
      "npm": "6.x"
    },
    "devDependencies": {
      "nodemon": "^2.0.7"
    }
  }

yarn manifest: 
  No manifest

Lockfile: 
  No lockfile
